cp: cannot stat `/home/alolinco/tom-fe/tomfe_opt631g/fescf02/*.movecs': No such file or directory
cp: cannot stat `/home/alolinco/tom-fe/tomfe_opt631g/fescf02/*.hess': No such file or directory
Last System Error Message from Task 0:: Inappropriate ioctl for device
[cli_0]: aborting job:
application called MPI_Abort(comm=0x84000007, -1) - process 0
[proxy:0:2@compute-0-9.local] HYD_pmcd_pmip_control_cmd_cb (pm/pmiserv/pmip_cb.c:913): assert (!closed) failed
[proxy:0:2@compute-0-9.local] HYDT_dmxu_poll_wait_for_event (tools/demux/demux_poll.c:76): callback returned error status
[proxy:0:2@compute-0-9.local] main (pm/pmiserv/pmip.c:206): demux engine error waiting for event
[proxy:0:1@compute-0-11.local] HYD_pmcd_pmip_control_cmd_cb (pm/pmiserv/pmip_cb.c:913): assert (!closed) failed
[proxy:0:1@compute-0-11.local] HYDT_dmxu_poll_wait_for_event (tools/demux/demux_poll.c:76): callback returned error status
[proxy:0:1@compute-0-11.local] main (pm/pmiserv/pmip.c:206): demux engine error waiting for event
[proxy:0:3@compute-0-7.local] HYD_pmcd_pmip_control_cmd_cb (pm/pmiserv/pmip_cb.c:913): assert (!closed) failed
[proxy:0:3@compute-0-7.local] HYDT_dmxu_poll_wait_for_event (tools/demux/demux_poll.c:76): callback returned error status
[proxy:0:3@compute-0-7.local] main (pm/pmiserv/pmip.c:206): demux engine error waiting for event
[mpiexec@compute-0-13.local] HYDT_bscu_wait_for_completion (tools/bootstrap/utils/bscu_wait.c:76): one of the processes terminated badly; aborting
[mpiexec@compute-0-13.local] HYDT_bsci_wait_for_completion (tools/bootstrap/src/bsci_wait.c:23): launcher returned error waiting for completion
[mpiexec@compute-0-13.local] HYD_pmci_wait_for_completion (pm/pmiserv/pmiserv_pmci.c:218): launcher returned error waiting for completion
[mpiexec@compute-0-13.local] main (ui/mpich/mpiexec.c:336): process manager error waiting for completion
cp: cannot stat `/var/scratch/alolinco/fescf/ecce*': No such file or directory
cp: cannot stat `/var/scratch/alolinco/fescf/*.log': No such file or directory
cp: cannot stat `/var/scratch/alolinco/fescf/*.out': No such file or directory
