Can't locate Slurm.pm in @INC (@INC contains: /usr/lib64/perl5 /usr/local/lib64/perl5 /usr/local/share/perl5 /usr/lib64/perl5/vendor_perl /usr/share/perl5/vendor_perl /usr/share/perl5 .) at /shared/bin/generate_pbs_nodefile line 18.
BEGIN failed--compilation aborted at /shared/bin/generate_pbs_nodefile line 18.
export PBS_NODEFILE=
export TMPDIR=/scratch/alolinco/290857
Fatal error in MPI_Init: Other MPI error, error stack:
MPIR_Init_thread(805).....: fail failed
MPID_Init(1859)...........: channel initialization failed
MPIDI_CH3_Init(126).......: fail failed
MPID_nem_init_ckpt(858)...: fail failed
MPIDI_CH3I_Seg_commit(427): PMI_KVS_Get returned -1
Fatal error in MPI_Init: Other MPI error, error stack:
MPIR_Init_thread(805).....: fail failed
MPID_Init(1859)...........: channel initialization failed
MPIDI_CH3_Init(126).......: fail failed
MPID_nem_init_ckpt(858)...: fail failed
MPIDI_CH3I_Seg_commit(427): PMI_KVS_Get returned -1
[unset]: readline failed
[unset]: readline failed
Fatal error in MPI_Init: Other MPI error, error stack:
MPIR_Init_thread(805).....: fail failed
MPID_Init(1859)...........: channel initialization failed
MPIDI_CH3_Init(126).......: fail failed
MPID_nem_init_ckpt(858)...: fail failed
MPIDI_CH3I_Seg_commit(427): PMI_KVS_Get returned -1
[unset]: readline failed
srun: error: condo192: tasks 1-3: Exited with exit code 15
