cp: cannot stat `/home/alolinco/tom-fe/tomfe_opt6311+g-star/feopt08_20181004/*.movecs': No such file or directory
cp: cannot stat `/home/alolinco/tom-fe/tomfe_opt6311+g-star/feopt08_20181004/*.hess': No such file or directory
tee: /home/alolinco/tom-fe/tomfe_opt6311+g-star/feopt08_20181004/feopt.out: Stale file handle
=>> PBS: job killed: walltime 720022 exceeded limit 720000
Last System Error Message from Task 0:: Inappropriate ioctl for device
Last System Error Message from Task 5:: Numerical result out of range
Last System Error Message from Task 6:: Numerical result out of range
Last System Error Message from Task 7:: Numerical result out of range
Last System Error Message from Task 10:: Numerical result out of range
Last System Error Message from Task 12:: Numerical result out of range
Last System Error Message from Task 11:: Numerical result out of range
Last System Error Message from Task 13:: Numerical result out of range
Last System Error Message from Task 14:: Numerical result out of range
Last System Error Message from Task 17:: Numerical result out of range
Last System Error Message from Task 18:: Numerical result out of range
Last System Error Message from Task 24:: Numerical result out of range
Last System Error Message from Task 25:: Numerical result out of range
Last System Error Message from Task 29:: Numerical result out of range
Last System Error Message from Task 30:: Numerical result out of range
Last System Error Message from Task 33:: Numerical result out of range
Last System Error Message from Task 32:: Numerical result out of range
Last System Error Message from Task 35:: Numerical result out of range
Last System Error Message from Task 3:: Numerical result out of range
Last System Error Message from Task 4:: Numerical result out of range
Last System Error Message from Task 8:: Numerical result out of range
Last System Error Message from Task 9:: Numerical result out of range
Last System Error Message from Task 1:: Numerical result out of range
Last System Error Message from Task 2:: Numerical result out of range
Last System Error Message from Task 20:: Numerical result out of range
Last System Error Message from Task 21:: Numerical result out of range
Last System Error Message from Task 22:: Numerical result out of range
Last System Error Message from Task 23:: Numerical result out of range
Last System Error Message from Task 15:: Numerical result out of range
Last System Error Message from Task 16:: Numerical result out of range
Last System Error Message from Task 19:: Numerical result out of range
Last System Error Message from Task 26:: Numerical result out of range
Last System Error Message from Task 27:: Numerical result out of range
Last System Error Message from Task 28:: Numerical result out of range
Last System Error Message from Task 31:: Numerical result out of range
Last System Error Message from Task 34:: Numerical result out of range
forrtl: error (78): process killed (SIGTERM)
Image              PC                Routine            Line        Source             
nwchem             00000000035A26EE  Unknown               Unknown  Unknown
nwchem             00000000035A1186  Unknown               Unknown  Unknown
nwchem             0000000003518702  Unknown               Unknown  Unknown
nwchem             00000000034C584B  Unknown               Unknown  Unknown
nwchem             00000000034CB563  Unknown               Unknown  Unknown
nwchem             00000000033C2A2F  Unknown               Unknown  Unknown
nwchem             000000000338E487  Unknown               Unknown  Unknown
libc.so.6          00000035274329A0  Unknown               Unknown  Unknown
nwchem             0000000000ED8AE8  Unknown               Unknown  Unknown
forrtl: error (78): process killed (SIGTERM)
Image              PC                Routine            Line        Source             
nwchem             00000000035A26EE  Unknown               Unknown  Unknown
nwchem             00000000035A1186  Unknown               Unknown  Unknown
nwchem             0000000003518702  Unknown               Unknown  Unknown
nwchem             00000000034C584B  Unknown               Unknown  Unknown
nwchem             00000000034CB563  Unknown               Unknown  Unknown
nwchem             00000000033C2A2F  Unknown               Unknown  Unknown
nwchem             000000000338E487  Unknown               Unknown  Unknown
libc.so.6          00000039C14329A0  Unknown               Unknown  Unknown
nwchem             0000000000A2B621  Unknown               Unknown  Unknown
forrtl: error (78): process killed (SIGTERM)
Image              PC                Routine            Line        Source             
nwchem             00000000035A26EE  Unknown               Unknown  Unknown
nwchem             00000000035A1186  Unknown               Unknown  Unknown
nwchem             0000000003518702  Unknown               Unknown  Unknown
nwchem             00000000034C584B  Unknown               Unknown  Unknown
nwchem             00000000034CB563  Unknown               Unknown  Unknown
nwchem             00000000033C2A2F  Unknown               Unknown  Unknown
nwchem             000000000338E487  Unknown               Unknown  Unknown
libc.so.6          0000003B9C4329A0  Unknown               Unknown  Unknown
nwchem             0000000000EB6031  Unknown               Unknown  Unknown
forrtl: error (78): process killed (SIGTERM)
Image              PC                Routine            Line        Source             
nwchem             00000000035A26EE  Unknown               Unknown  Unknown
nwchem             00000000035A1186  Unknown               Unknown  Unknown
nwchem             0000000003518702  Unknown               Unknown  Unknown
nwchem             00000000034C584B  Unknown               Unknown  Unknown
nwchem             00000000034CB563  Unknown               Unknown  Unknown
nwchem             00000000033C2A2F  Unknown               Unknown  Unknown
nwchem             000000000338E487  Unknown               Unknown  Unknown
libc.so.6          0000003B9C4329A0  Unknown               Unknown  Unknown
nwchem             0000000000F19A07  Unknown               Unknown  Unknown
forrtl: error (78): process killed (SIGTERM)
Image              PC                Routine            Line        Source             
nwchem             00000000035A26EE  Unknown               Unknown  Unknown
nwchem             00000000035A1186  Unknown               Unknown  Unknown
nwchem             0000000003518702  Unknown               Unknown  Unknown
nwchem             00000000034C584B  Unknown               Unknown  Unknown
nwchem             00000000034CB563  Unknown               Unknown  Unknown
nwchem             00000000033C2A2F  Unknown               Unknown  Unknown
nwchem             000000000338E487  Unknown               Unknown  Unknown
libc.so.6          0000003B9C4329A0  Unknown               Unknown  Unknown
libc.so.6          0000003B9C489A62  Unknown               Unknown  Unknown
nwchem             0000000000F46EE9  Unknown               Unknown  Unknown
forrtl: error (78): process killed (SIGTERM)
Image              PC                Routine            Line        Source             
nwchem             00000000035A26EE  Unknown               Unknown  Unknown
nwchem             00000000035A1186  Unknown               Unknown  Unknown
nwchem             0000000003518702  Unknown               Unknown  Unknown
nwchem             00000000034C584B  Unknown               Unknown  Unknown
nwchem             00000000034CB563  Unknown               Unknown  Unknown
nwchem             00000000033C2A2F  Unknown               Unknown  Unknown
nwchem             000000000338E487  Unknown               Unknown  Unknown
libc.so.6          0000003B9C4329A0  Unknown               Unknown  Unknown
nwchem             0000000000EF1EEE  Unknown               Unknown  Unknown
forrtl: error (78): process killed (SIGTERM)
Image              PC                Routine            Line        Source             
nwchem             00000000035A26EE  Unknown               Unknown  Unknown
nwchem             00000000035A1186  Unknown               Unknown  Unknown
nwchem             0000000003518702  Unknown               Unknown  Unknown
nwchem             00000000034C584B  Unknown               Unknown  Unknown
nwchem             00000000034CB563  Unknown               Unknown  Unknown
nwchem             00000000033C2A2F  Unknown               Unknown  Unknown
nwchem             000000000338E487  Unknown               Unknown  Unknown
libc.so.6          0000003B9C4329A0  Unknown               Unknown  Unknown
nwchem             0000000000EF2001  Unknown               Unknown  Unknown
forrtl: error (78): process killed (SIGTERM)
Image              PC                Routine            Line        Source             
nwchem             00000000035A26EE  Unknown               Unknown  Unknown
nwchem             00000000035A1186  Unknown               Unknown  Unknown
nwchem             0000000003518702  Unknown               Unknown  Unknown
nwchem             00000000034C584B  Unknown               Unknown  Unknown
nwchem             00000000034CB563  Unknown               Unknown  Unknown
nwchem             00000000033C2A2F  Unknown               Unknown  Unknown
nwchem             000000000338E487  Unknown               Unknown  Unknown
libc.so.6          00000039C14329A0  Unknown               Unknown  Unknown
nwchem             0000000000A3E60A  Unknown               Unknown  Unknown
forrtl: error (78): process killed (SIGTERM)
Image              PC                Routine            Line        Source             
nwchem             00000000035A26EE  Unknown               Unknown  Unknown
nwchem             00000000035A1186  Unknown               Unknown  Unknown
nwchem             0000000003518702  Unknown               Unknown  Unknown
nwchem             00000000034C584B  Unknown               Unknown  Unknown
nwchem             00000000034CB563  Unknown               Unknown  Unknown
nwchem             00000000033C2A2F  Unknown               Unknown  Unknown
nwchem             000000000338E487  Unknown               Unknown  Unknown
libc.so.6          00000039C14329A0  Unknown               Unknown  Unknown
nwchem             0000000000EEFAAE  Unknown               Unknown  Unknown
forrtl: error (78): process killed (SIGTERM)
Image              PC                Routine            Line        Source             
nwchem             00000000035A26EE  Unknown               Unknown  Unknown
nwchem             00000000035A1186  Unknown               Unknown  Unknown
nwchem             0000000003518702  Unknown               Unknown  Unknown
nwchem             00000000034C584B  Unknown               Unknown  Unknown
nwchem             00000000034CB563  Unknown               Unknown  Unknown
nwchem             00000000033C2A2F  Unknown               Unknown  Unknown
nwchem             000000000338E487  Unknown               Unknown  Unknown
libc.so.6          00000039C14329A0  Unknown               Unknown  Unknown
nwchem             0000000000F19888  Unknown               Unknown  Unknown
forrtl: error (78): process killed (SIGTERM)
Image              PC                Routine            Line        Source             
nwchem             00000000035A26EE  Unknown               Unknown  Unknown
nwchem             00000000035A1186  Unknown               Unknown  Unknown
nwchem             0000000003518702  Unknown               Unknown  Unknown
nwchem             00000000034C584B  Unknown               Unknown  Unknown
nwchem             00000000034CB563  Unknown               Unknown  Unknown
nwchem             00000000033C2A2F  Unknown               Unknown  Unknown
nwchem             000000000338E487  Unknown               Unknown  Unknown
libc.so.6          00000039C14329A0  Unknown               Unknown  Unknown
nwchem             0000000000F4D459  Unknown               Unknown  Unknown
