cp: cannot stat `/home/alolinco/tom-fe/tomfe_opt6311+g-star/feopt33/*.movecs': No such file or directory
cp: cannot stat `/home/alolinco/tom-fe/tomfe_opt6311+g-star/feopt33/*.hess': No such file or directory
Last System Error Message from Task 2:: Numerical result out of range
Last System Error Message from Task 5:: Numerical result out of range
Last System Error Message from Task 8:: Numerical result out of range
Last System Error Message from Task 11:: Numerical result out of range
Last System Error Message from Task 13:: Numerical result out of range
Last System Error Message from Task 14:: Numerical result out of range
Last System Error Message from Task 15:: Numerical result out of range
Last System Error Message from Task 16:: Numerical result out of range
Last System Error Message from Task 25:: Numerical result out of range
Last System Error Message from Task 19:: Numerical result out of range
Last System Error Message from Task 26:: Numerical result out of range
Last System Error Message from Task 28:: Numerical result out of range
Last System Error Message from Task 32:: Numerical result out of range
Last System Error Message from Task 21:: Numerical result out of range
Last System Error Message from Task 34:: Numerical result out of range
Last System Error Message from Task 22:: Numerical result out of range
Last System Error Message from Task 23:: Numerical result out of range
Last System Error Message from Task 24:: Numerical result out of range
Last System Error Message from Task 12:: Numerical result out of range
Last System Error Message from Task 17:: Numerical result out of range
Last System Error Message from Task 18:: Numerical result out of range
Last System Error Message from Task 20:: Numerical result out of range
[mpiexec@compute-0-7.local] HYDU_sock_write (utils/sock/sock.c:286): write error (Broken pipe)
[mpiexec@compute-0-7.local] stdoe_cb (ui/utils/uiu.c:308): unable to write data to stdout/stderr
[mpiexec@compute-0-7.local] control_cb (pm/pmiserv/pmiserv_cb.c:295): error in the UI defined callback
[mpiexec@compute-0-7.local] HYDT_dmxu_poll_wait_for_event (tools/demux/demux_poll.c:76): callback returned error status
[mpiexec@compute-0-7.local] HYD_pmci_wait_for_completion (pm/pmiserv/pmiserv_pmci.c:198): error waiting for event
[mpiexec@compute-0-7.local] main (ui/mpich/mpiexec.c:336): process manager error waiting for completion
