Mon Jul  9 10:54:22 CDT 2018
pwd = /home/alolinco/tom-fe/tomfe_opt6311+g-star/run1_hess

* Begin Debugging Info
** Submission file
	#!/bin/bash
	#SBATCH --job-name=tomfebn_opt
	#SBATCH --output=tomfebn_opt.stdout
	#SBATCH --error=tomfebn_opt.stderr
	#SBATCH --nodes=1
	#SBATCH --ntasks-per-node=4
	#SBATCH --time=400:00:00
	source /work/LAS/twindus-lab/nwchem/6.6/environment
	TMPDIR=${TMPDIR:-/home/alolinco/tom-fe/tomfe_opt6311+g-star/run1_hess}
	cat << EOF_print_debug_info
	$(printf "%s\n" "$(date)")
	$(printf "pwd = %s\n" "$PWD")
	
	* Begin Debugging Info
	** Submission file
	$(cat /home/alolinco/tom-fe/tomfe_opt6311+g-star/run1_hess/tomfebn_opt.sub | sed s/\^/\\t/)
	
	** Working Directory
	TMPDIR=$TMPDIR: $([ -d $TMPDIR ] && printf "exists\n" || printf "does not exist\n")
	
	** Node List
	$(cat ${PBS_NODEFILE:-$SLURM_JOB_NODELIST})
	
	** PATH
	$(printf "%s\n" "$PATH" | sed s/:/\\n/g)
	
	** LD_LIBRARY_PATH
	$(printf "%s\n" "$LD_LIBRARY_PATH" | sed s/:/\\n/g)
	
	** env
	$(env)
	
	** jobfile
	$(cat /home/alolinco/tom-fe/tomfe_opt6311+g-star/run1_hess/tomfebn_opt.nw | sed s/\^/\\t/)
	
	* Begin run output
	EOF_print_debug_info
	# Print node information and copy files for job
	cat >> /home/alolinco/tom-fe/tomfe_opt6311+g-star/run1_hess/tomfebn_opt.nodes << EOF_jobinfo
	===$(date +"%Y-%m-%d-%r") run nodes===
	$(uniq ${PBS_NODEFILE:-$SLURM_JOB_NODELIST})
	Working directory $TMPDIR
	EOF_jobinfo
	
	ulimit -s unlimited
	ulimit -c unlimited
	ulimit -l unlimited
	cd $TMPDIR
	cp -v /home/alolinco/tom-fe/tomfe_opt6311+g-star/run1_hess/{tomfebn_opt.nw,*.hess,*.movecs,*.db} $TMPDIR 2>/dev/null
	printf "Starting %s at %s.\n" "$(which nwchem)" "$(date)"
	export I_MPI_PMI_LIBRARY=/usr/lib64/libpmi.so
	export ARMCI_DEFAULT_SHMMAX=32768
	srun -N 1 -n 4 nwchem tomfebn_opt.nw |& tee /home/alolinco/tom-fe/tomfe_opt6311+g-star/run1_hess/tomfebn_opt.out
	printf "%s: nwchem finished with status $?\n" "$(date)"
	cp $TMPDIR/{*db,*hess,*movecs,ecce*,*log,*out} /home/alolinco/tom-fe/tomfe_opt6311+g-star/run1_hess

** Working Directory
TMPDIR=/scratch/alolinco/312920: exists

** Node List
condo150
condo150
condo150
condo150

** PATH
/work/LAS/twindus-lab/nwchem/6.6-intel/bin
/shared/hpc/intel/17.4/advisor_2017.1.3.510716/bin64
/shared/hpc/intel/17.4/vtune_amplifier_xe_2017.3.0.510739/bin64
/shared/hpc/intel/17.4/inspector_2017.1.3.510645/bin64
/shared/hpc/intel/17.4/itac/2017.3.030/intel64/bin
/shared/hpc/intel/17.4/clck/2017.2.019/bin/intel64
/shared/hpc/intel/17.4/compilers_and_libraries_2017.4.196/linux/bin/intel64
/shared/hpc/intel/17.4/compilers_and_libraries_2017.4.196/linux/mpi/intel64/bin
/shared/hpc/intel/17.4/debugger_2017/gdb/intel64_mic/bin
/shared/hpc/intel/17.4/parallel_studio_xe_2017.4.056/bin
/usr/lib64/qt-3.3/bin
/usr/local/bin
/usr/bin
/usr/local/sbin
/usr/sbin
~weverett/public
~alolinco/public
/home/alolinco/.local/bin
/home/alolinco/bin

** LD_LIBRARY_PATH
/shared/hpc/intel/17.4/itac/2017.3.030/mic/slib
/shared/hpc/intel/17.4/itac/2017.3.030/intel64/slib
/shared/hpc/intel/17.4/compilers_and_libraries_2017.4.196/linux/compiler/lib/intel64
/shared/hpc/intel/17.4/compilers_and_libraries_2017.4.196/linux/compiler/lib/intel64_lin
/shared/hpc/intel/17.4/compilers_and_libraries_2017.4.196/linux/mpi/intel64/lib
/shared/hpc/intel/17.4/compilers_and_libraries_2017.4.196/linux/mpi/mic/lib
/shared/hpc/intel/17.4/compilers_and_libraries_2017.4.196/linux/ipp/lib/intel64
/shared/hpc/intel/17.4/compilers_and_libraries_2017.4.196/linux/mkl/lib/intel64_lin
/shared/hpc/intel/17.4/compilers_and_libraries_2017.4.196/linux/tbb/lib/intel64/gcc4.7
/shared/hpc/intel/17.4/debugger_2017/iga/lib
/shared/hpc/intel/17.4/debugger_2017/libipt/intel64/lib
/shared/hpc/intel/17.4/compilers_and_libraries_2017.4.196/linux/daal/lib/intel64_lin
/shared/hpc/intel/17.4/compilers_and_libraries_2017.4.196/linux/tbb/lib/intel64_lin/gcc4.4

** env
MKLROOT=/shared/hpc/intel/17.4/compilers_and_libraries_2017.4.196/linux/mkl
CPLUS_INCLUDE_PATH=/shared/hpc/intel/17.4//clck/2017.2.019/include
SLURM_CHECKPOINT_IMAGE_DIR=/var/slurm/checkpoint
SLURM_NODELIST=condo150
MPS_STAT_DIR_POSTFIX=%D-%T
MPS_INTEL_LIBITTNOTIFY64=libmps.so
SLURM_JOB_NAME=tomfebn_opt
MANPATH=/shared/hpc/intel/17.4/itac/2017.3.030/man:/shared/hpc/intel/17.4/man/common:/shared/hpc/intel/17.4/compilers_and_libraries_2017.4.196/linux/mpi/man:/shared/hpc/intel/17.4/documentation_2017/en/debugger/gdb-ia/man:/shared/hpc/intel/17.4/documentation_2017/en/debugger/gdb-mic/man:/shared/hpc/intel/17.4/documentation_2017/en/debugger/gdb-igfx/man:/usr/share/lmod/lmod/share/man::
XDG_SESSION_ID=189180
VT_MPI=impi4
SLURMD_NODENAME=condo150
SLURM_TOPOLOGY_ADDR=condo150
SLURM_NTASKS_PER_NODE=4
HOSTNAME=condo150
SLURM_PRIO_PROCESS=0
SELINUX_ROLE_REQUESTED=
IPPROOT=/shared/hpc/intel/17.4/compilers_and_libraries_2017.4.196/linux/ipp
INTEL_LICENSE_FILE=/shared/hpc/intel/17.4/licenses
SLURM_NODE_ALIASES=(null)
CLCK_ROOT=/shared/hpc/intel/17.4//clck/2017.2.019
TERM=xterm-256color
SHELL=/bin/bash
MPS_LD_PRELOAD=libmps.so
SLURM_JOB_QOS=normal
CLICOLOR=1
HISTSIZE=1000
GDBSERVER_MIC=/shared/hpc/intel/17.4/debugger_2017/gdb/targets/mic/bin/gdbserver
LMOD_DEFAULT_MODULEPATH=/etc/modulefiles:/usr/share/modulefiles:/usr/share/modulefiles/Linux:/usr/share/modulefiles/Core:/usr/share/lmod/lmod/modulefiles/Core
SLURM_TOPOLOGY_ADDR_PATTERN=node
MODULEPATH_ROOT=/usr/share/modulefiles
TMPDIR=/scratch/alolinco/312920
SSH_CLIENT=10.25.147.217 49457 22
LIBRARY_PATH=/shared/hpc/intel/17.4/clck/2017.2.019/lib/intel64:/shared/hpc/intel/17.4/compilers_and_libraries_2017.4.196/linux/ipp/lib/intel64:/shared/hpc/intel/17.4/compilers_and_libraries_2017.4.196/linux/compiler/lib/intel64_lin:/shared/hpc/intel/17.4/compilers_and_libraries_2017.4.196/linux/mkl/lib/intel64_lin:/shared/hpc/intel/17.4/compilers_and_libraries_2017.4.196/linux/tbb/lib/intel64/gcc4.7:/shared/hpc/intel/17.4/compilers_and_libraries_2017.4.196/linux/daal/lib/intel64_lin:/shared/hpc/intel/17.4/compilers_and_libraries_2017.4.196/linux/tbb/lib/intel64_lin/gcc4.4
SELINUX_USE_CURRENT_RANGE=
LMOD_PKG=/usr/share/lmod/lmod
QTDIR=/usr/lib64/qt-3.3
ADVISOR_2017_DIR=/shared/hpc/intel/17.4/advisor_2017.1.3.510716
LMOD_VERSION=6.5.1
QTINC=/usr/lib64/qt-3.3/include
MIC_LD_LIBRARY_PATH=/shared/hpc/intel/17.4/compilers_and_libraries_2017.4.196/linux/mpi/mic/lib:/shared/hpc/intel/17.4/compilers_and_libraries_2017.4.196/linux/compiler/lib/mic:/shared/hpc/intel/17.4/compilers_and_libraries_2017.4.196/linux/ipp/lib/mic:/shared/hpc/intel/17.4/compilers_and_libraries_2017.4.196/linux/compiler/lib/intel64_lin_mic:/shared/hpc/intel/17.4/compilers_and_libraries_2017.4.196/linux/mkl/lib/intel64_lin_mic:/shared/hpc/intel/17.4/compilers_and_libraries_2017.4.196/linux/tbb/lib/mic
SSH_TTY=/dev/pts/112
VTUNE_AMPLIFIER_XE_2017_DIR=/shared/hpc/intel/17.4/vtune_amplifier_xe_2017.3.0.510739
QT_GRAPHICSSYSTEM_CHECKED=1
SLURM_NNODES=1
USER=alolinco
NWCHEM_TOP=/work/LAS/twindus-lab/nwchem/6.6-intel/
LD_LIBRARY_PATH=/shared/hpc/intel/17.4/itac/2017.3.030/mic/slib:/shared/hpc/intel/17.4/itac/2017.3.030/intel64/slib:/shared/hpc/intel/17.4/compilers_and_libraries_2017.4.196/linux/compiler/lib/intel64:/shared/hpc/intel/17.4/compilers_and_libraries_2017.4.196/linux/compiler/lib/intel64_lin:/shared/hpc/intel/17.4/compilers_and_libraries_2017.4.196/linux/mpi/intel64/lib:/shared/hpc/intel/17.4/compilers_and_libraries_2017.4.196/linux/mpi/mic/lib:/shared/hpc/intel/17.4/compilers_and_libraries_2017.4.196/linux/ipp/lib/intel64:/shared/hpc/intel/17.4/compilers_and_libraries_2017.4.196/linux/mkl/lib/intel64_lin:/shared/hpc/intel/17.4/compilers_and_libraries_2017.4.196/linux/tbb/lib/intel64/gcc4.7:/shared/hpc/intel/17.4/debugger_2017/iga/lib:/shared/hpc/intel/17.4/debugger_2017/libipt/intel64/lib:/shared/hpc/intel/17.4/compilers_and_libraries_2017.4.196/linux/daal/lib/intel64_lin:/shared/hpc/intel/17.4/compilers_and_libraries_2017.4.196/linux/tbb/lib/intel64_lin/gcc4.4
LMOD_sys=Linux
MPS_STAT_ENABLE_IDLE_VAL=1
MIC_LIBRARY_PATH=/shared/hpc/intel/17.4/compilers_and_libraries_2017.4.196/linux/mpi/mic/lib:/shared/hpc/intel/17.4/compilers_and_libraries_2017.4.196/linux/compiler/lib/mic:/shared/hpc/intel/17.4/compilers_and_libraries_2017.4.196/linux/compiler/lib/intel64_lin_mic:/shared/hpc/intel/17.4/compilers_and_libraries_2017.4.196/linux/mkl/lib/intel64_lin_mic:/shared/hpc/intel/17.4/compilers_and_libraries_2017.4.196/linux/tbb/lib/mic
CPATH=/shared/hpc/intel/17.4/compilers_and_libraries_2017.4.196/linux/ipp/include:/shared/hpc/intel/17.4/compilers_and_libraries_2017.4.196/linux/mkl/include:/shared/hpc/intel/17.4/compilers_and_libraries_2017.4.196/linux/tbb/include:/shared/hpc/intel/17.4/compilers_and_libraries_2017.4.196/linux/daal/include
SLURM_JOBID=312920
TMOUT=5400
SLURM_NTASKS=4
NWCHEM_BASIS_LIBRARY=/work/LAS/twindus-lab/nwchem/6.6-intel/data/libraries/
LSCOLORS=Exfxcxdxbxegedabagacad
LMOD_PREPEND_BLOCK=normal
NLSPATH=/shared/hpc/intel/17.4/compilers_and_libraries_2017.4.196/linux/compiler/lib/intel64/locale/%l_%t/%N:/shared/hpc/intel/17.4/compilers_and_libraries_2017.4.196/linux/mkl/lib/intel64_lin/locale/%l_%t/%N:/shared/hpc/intel/17.4/debugger_2017/gdb/intel64_mic/share/locale/%l_%t/%N:/shared/hpc/intel/17.4/debugger_2017/gdb/intel64/share/locale/%l_%t/%N
MPS_STAT_LEVEL=5
VT_ADD_LIBS=-ldwarf -lelf -lvtunwind -lm -lpthread
_ModuleTable001_=X01vZHVsZVRhYmxlXz17WyJhY3RpdmVTaXplIl09MSxiYXNlTXBhdGhBPXsiL2V0Yy9tb2R1bGVmaWxlcyIsIi91c3Ivc2hhcmUvbW9kdWxlZmlsZXMiLCIvdXNyL3NoYXJlL21vZHVsZWZpbGVzL0xpbnV4IiwiL3Vzci9zaGFyZS9tb2R1bGVmaWxlcy9Db3JlIiwiL3Vzci9zaGFyZS9sbW9kL2xtb2QvbW9kdWxlZmlsZXMvQ29yZSIsfSxbImNfcmVidWlsZFRpbWUiXT1mYWxzZSxbImNfc2hvcnRUaW1lIl09ZmFsc2UsZmFtaWx5PXt9LGluYWN0aXZlPXt9LG1UPXtpbnRlbD17WyJGTiJdPSIvZXRjL21vZHVsZWZpbGVzL2ludGVsLzE3LjQiLFsiZGVmYXVsdCJdPTAsWyJmdWxsTmFtZSJdPSJpbnRlbC8xNy40IixbImxvYWRPcmRlciJdPTEscHJvcFQ9e30sWyJzaG9ydCJdPSJp
SLURM_TASKS_PER_NODE=4
MAIL=/var/spool/mail/alolinco
PATH=/work/LAS/twindus-lab/nwchem/6.6-intel/bin:/shared/hpc/intel/17.4/advisor_2017.1.3.510716/bin64:/shared/hpc/intel/17.4/vtune_amplifier_xe_2017.3.0.510739/bin64:/shared/hpc/intel/17.4/inspector_2017.1.3.510645/bin64:/shared/hpc/intel/17.4/itac/2017.3.030/intel64/bin:/shared/hpc/intel/17.4/clck/2017.2.019/bin/intel64:/shared/hpc/intel/17.4/compilers_and_libraries_2017.4.196/linux/bin/intel64:/shared/hpc/intel/17.4/compilers_and_libraries_2017.4.196/linux/mpi/intel64/bin:/shared/hpc/intel/17.4/debugger_2017/gdb/intel64_mic/bin:/shared/hpc/intel/17.4/parallel_studio_xe_2017.4.056/bin:/usr/lib64/qt-3.3/bin:/usr/local/bin:/usr/bin:/usr/local/sbin:/usr/sbin:~weverett/public:~alolinco/public:/home/alolinco/.local/bin:/home/alolinco/bin
SLURM_WORKING_CLUSTER=condo2017:172.16.253.4:6817:8192
NWCHEM_NWPW_LIBRARY=/work/LAS/twindus-lab/nwchem/6.6-intel/data/libraryps/
MPS_KMP_FORKJOIN_FRAMES_MODE=3
SLURM_JOB_ID=312920
TBBROOT=/shared/hpc/intel/17.4/compilers_and_libraries_2017.4.196/linux/tbb
LMOD_SETTARG_CMD=:
F90=/shared/hpc/intel/17.4/compilers_and_libraries_2017.4.196/linux/bin/intel64/ifort
SLURM_JOB_USER=alolinco
PWD=/home/alolinco/tom-fe/tomfe_opt6311+g-star/run1_hess
_LMFILES_=/etc/modulefiles/intel/17.4
GDB_CROSS=/shared/hpc/intel/17.4/debugger_2017/gdb/intel64_mic/bin/gdb-mic
LANG=en_US.UTF-8
MODULEPATH=/etc/modulefiles:/usr/share/modulefiles:/usr/share/modulefiles/Linux:/usr/share/modulefiles/Core:/usr/share/lmod/lmod/modulefiles/Core
VT_LIB_DIR=/shared/hpc/intel/17.4//itac/2017.3.030/intel64/lib
LOADEDMODULES=intel/17.4
_ModuleTable_Sz_=2
SLURM_JOB_UID=369342
SLURM_NODEID=0
MPS_STAT_ENABLE_IDLE=I_MPI_PVAR_IDLE
F77=/shared/hpc/intel/17.4/compilers_and_libraries_2017.4.196/linux/bin/intel64/ifort
SLURM_SUBMIT_DIR=/work/LAS/twindus-lab/alolinco/tom-fe/tomfe_opt6311+g-star/run1_hess
SELINUX_LEVEL_REQUESTED=
VT_ROOT=/shared/hpc/intel/17.4//itac/2017.3.030
SLURM_TASK_PID=8680
SLURM_NPROCS=4
LMOD_CMD=/usr/share/lmod/lmod/libexec/lmod
MPS_TOOL_ROOT=/shared/hpc/intel/17.4/itac/2017.3.030
DAALROOT=/shared/hpc/intel/17.4/compilers_and_libraries_2017.4.196/linux/daal
SLURM_CPUS_ON_NODE=4
MPM_LAUNCHER=/shared/hpc/intel/17.4/debugger_2017/mpm/mic/bin/start_mpm.sh
SLURM_PROCID=0
ENVIRONMENT=BATCH
HISTCONTROL=ignoredups
KRB5CCNAME=KEYRING:persistent:369342
INTEL_PYTHONHOME=/shared/hpc/intel/17.4/debugger_2017/python/intel64/
SLURM_JOB_NODELIST=condo150
SPCE=/work/LAS/twindus-lab/nwchem/6.6-intel/data/solvents/spce.rst
SHLVL=3
HOME=/home/alolinco
SLURM_LOCALID=0
GREP_OPTIONS=--color=auto
_ModuleTable002_=bnRlbCIsWyJzdGF0dXMiXT0iYWN0aXZlIix9LH0sbXBhdGhBPXsiL2V0Yy9tb2R1bGVmaWxlcyIsIi91c3Ivc2hhcmUvbW9kdWxlZmlsZXMiLCIvdXNyL3NoYXJlL21vZHVsZWZpbGVzL0xpbnV4IiwiL3Vzci9zaGFyZS9tb2R1bGVmaWxlcy9Db3JlIiwiL3Vzci9zaGFyZS9sbW9kL2xtb2QvbW9kdWxlZmlsZXMvQ29yZSIsfSxbInN5c3RlbUJhc2VNUEFUSCJdPSIvZXRjL21vZHVsZWZpbGVzOi91c3Ivc2hhcmUvbW9kdWxlZmlsZXM6L3Vzci9zaGFyZS9tb2R1bGVmaWxlcy9MaW51eDovdXNyL3NoYXJlL21vZHVsZWZpbGVzL0NvcmU6L3Vzci9zaGFyZS9sbW9kL2xtb2QvbW9kdWxlZmlsZXMvQ29yZSIsWyJ2ZXJzaW9uIl09Mix9
SLURM_JOB_GID=101
SLURM_JOB_CPUS_PER_NODE=4
SLURM_CLUSTER_NAME=condo2017
AMBER_1=/work/LAS/twindus-lab/nwchem/6.6-intel/data/amber_s/
VT_SLIB_DIR=/shared/hpc/intel/17.4//itac/2017.3.030/intel64/slib
VT_ARCH=intel64
FC=/shared/hpc/intel/17.4/compilers_and_libraries_2017.4.196/linux/bin/intel64/ifort
SLURM_GTIDS=0
SLURM_SUBMIT_HOST=condo2017.its.iastate.edu
AMBER_2=/work/LAS/twindus-lab/nwchem/6.6-intel/data/amber_q/
SLURM_JOB_PARTITION=long_1node
BASH_ENV=/usr/share/lmod/lmod/init/bash
AMBER_3=/work/LAS/twindus-lab/nwchem/6.6-intel/data/amber_x/
PYTHONPATH=/shared/hpc/intel/17.4/advisor_2017.1.3.510716/pythonapi
LMOD_arch=x86_64
LOGNAME=alolinco
AMBER_4=/work/LAS/twindus-lab/nwchem/6.6-intel/data/amber_u/
QTLIB=/usr/lib64/qt-3.3/lib
CLASSPATH=/shared/hpc/intel/17.4/compilers_and_libraries_2017.4.196/linux/mpi/intel64/lib/mpi.jar:/shared/hpc/intel/17.4/compilers_and_libraries_2017.4.196/linux/daal/lib/daal.jar
SLURM_JOB_ACCOUNT=its-hpc-condo-las
XDG_DATA_DIRS=/home/alolinco/.local/share/flatpak/exports/share/:/var/lib/flatpak/exports/share/:/usr/local/share/:/usr/share/
SSH_CONNECTION=10.25.147.217 49457 10.24.107.19 22
MPS_STAT_MESSAGES=1
SLURM_JOB_NUM_NODES=1
MODULESHOME=/usr/share/lmod/lmod
CHARMM_X=/work/LAS/twindus-lab/nwchem/6.6-intel/data/charmm_x/
LESSOPEN=||/usr/bin/lesspipe.sh %s
INSPECTOR_2017_DIR=/shared/hpc/intel/17.4/inspector_2017.1.3.510645
INFOPATH=/shared/hpc/intel/17.4/documentation_2017/en/debugger/gdb-ia/info:/shared/hpc/intel/17.4/documentation_2017/en/debugger/gdb-mic/info:/shared/hpc/intel/17.4/documentation_2017/en/debugger/gdb-igfx/info
LMOD_FULL_SETTARG_SUPPORT=no
CC=/shared/hpc/intel/17.4/compilers_and_libraries_2017.4.196/linux/bin/intel64/icc
XDG_RUNTIME_DIR=/run/user/369342
CHARMM_S=/work/LAS/twindus-lab/nwchem/6.6-intel/data/charmm_s/
LMOD_DIR=/usr/share/lmod/lmod/libexec
PBS_NODEFILE=/scratch/alolinco/312920/DN_zSGW8Sw
SLURM_MEM_PER_NODE=128834
LMOD_COLORIZE=yes
I_MPI_ROOT=/shared/hpc/intel/17.4/compilers_and_libraries_2017.4.196/linux/mpi
BASH_FUNC_module()=() {  eval $($LMOD_CMD bash "$@");
 [ $? = 0 ] && eval $(${LMOD_SETTARG_CMD:-:} -s sh)
}
BASH_FUNC_ml()=() {  eval $($LMOD_DIR/ml_cmd "$@")
}
_=/usr/bin/env

** jobfile
	echo
	
	start tomfe_opt03
	memory total 4000 mb
	
	geometry units angstroms noautosym noautoz
	Fe  0.7745162   0.94278113  0.38729154
	O   -2.22556883 -0.43907311 -2.1099779
	O   -2.03254052 -1.27405477 2.38151495
	O   0.93882968  -3.14465316 -0.53980051
	N   -0.66594095 0.76437586  -1.0315922
	N   -0.53448322 0.27380156  1.74756481
	N   1.45243109  -0.98285625 -0.19377942
	C   2.19572964  1.81410876  1.51563575
	C   2.38490772  2.79450997  0.4389109
	C   1.57566939  3.95739214  0.35987218
	H   0.88727881  4.16579429  1.17163519
	C   1.6895471   4.85413084  -0.69654507
	H   1.07247551  5.74452836  -0.71175067
	C   2.60283151  4.62338583  -1.72766901
	H   2.6972067   5.3273453   -2.54403057
	C   3.39981467  3.48024698  -1.68456873
	H   4.12016127  3.29444719  -2.47193637
	C   3.28988009  2.57941281  -0.62815015
	H   3.94854221  1.72100319  -0.58684615
	C   -1.08528232 1.67652992  -2.1432385
	C   -1.69417915 2.94651166  -1.55416242
	H   -2.53442744 2.69851681  -0.9029494
	H   -0.94932472 3.48971187  -0.97131816
	H   -2.05231385 3.60335786  -2.3513069
	C   -2.14610183 0.81622823  -2.8777998
	H   -1.85548246 0.55986028  -3.89513384
	H   -3.13677055 1.26742008  -2.87524528
	C   -1.32579231 -0.35001095 -1.0752837
	C   -1.18740679 -0.79954706 1.40786691
	C   -2.06370457 -0.263425   3.45256301
	H   -2.998293   0.29119648  3.35377451
	H   -2.03246549 -0.78632863 4.40427248
	C   -0.82507563 0.61486304  3.18280034
	C   -1.12928702 2.09760193  3.34138005
	H   -0.24847369 2.69830143  3.1145982
	H   -1.933823   2.39585981  2.66695374
	H   -1.43562234 2.31736491  4.36746079
	C   0.35324161  0.16758647  4.04871729
	H   0.50031994  -0.91038966 3.95608825
	H   1.26987861  0.66429422  3.7382611
	H   0.16155676  0.4018416   5.09935785
	C   0.50351079  -1.87229776 -0.23392278
	C   2.40809633  -3.11260669 -0.59738542
	H   2.78367256  -3.63322738 0.28413578
	H   2.71620447  -3.63241784 -1.50121941
	C   2.75931395  -1.60955563 -0.59156978
	C   3.11726502  -1.11509553 -1.99325837
	H   2.3500696   -1.41666076 -2.70914899
	H   3.18475155  -0.02699244 -2.00635632
	H   4.07594076  -1.53066732 -2.31536795
	C   3.85670856  -1.30145616 0.41747031
	H   4.10629243  -0.24211798 0.41372279
	H   3.53569735  -1.57226807 1.42418528
	H   4.76122064  -1.86593582 0.17508058
	C   -2.14478415 -2.76165094 -0.15340873
	C   -3.51481556 -2.44346651 -0.20643536
	H   -3.81877454 -1.40344381 -0.19859677
	C   -4.49915889 -3.42400184 -0.27989817
	H   -5.54383769 -3.13853996 -0.32180733
	C   -4.14213494 -4.77153709 -0.301738
	H   -4.90397373 -5.53945894 -0.36221491
	C   -2.79524426 -5.11594674 -0.24650605
	H   -2.5021249  -6.15942149 -0.26321427
	C   -1.81385726 -4.12598141 -0.17138099
	H   -0.77530132 -4.41874519 -0.13723209
	C   0.11382364  1.98811842  -3.03291853
	H   0.88313544  2.52268779  -2.47451009
	H   0.54769975  1.06515344  -3.4217776
	H   -0.19013064 2.61254355  -3.87733016
	B   -1.08449808 -1.5611181  -0.02422118
	H   1.81474606  2.26710595  2.43249649
	H   3.06747203  1.19835166  1.73410665
	end
	
	basis
	 Fe library "Stuttgart RSC 1997 ECP"
	 B library 6-311+g*
	 C library 6-311+g*
	 O library 6-311+g*
	 N library 6-311+g*
	 H library 6-311+g*
	end
	
	ecp
	 Fe library "Stuttgart RSC 1997 ECP"
	end
	
	freq
	    animate
	end
	
	task dft freq

* Begin run output
‘/home/alolinco/tom-fe/tomfe_opt6311+g-star/run1_hess/tomfebn_opt.nw’ -> ‘/scratch/alolinco/312920/tomfebn_opt.nw’
Starting /work/LAS/twindus-lab/nwchem/6.6-intel/bin/nwchem at Mon Jul  9 10:54:22 CDT 2018.
